[debug] [2019-12-14T03:51:06.936Z] ----------------------------------------------------------------------
[debug] [2019-12-14T03:51:06.939Z] Command:       C:\work\nodejs\node.exe C:\Users\AZIZ\AppData\Roaming\npm\node_modules\firebase-tools\lib\bin\firebase.js serve
[debug] [2019-12-14T03:51:06.940Z] CLI Version:   7.10.0
[debug] [2019-12-14T03:51:06.940Z] Platform:      win32
[debug] [2019-12-14T03:51:06.940Z] Node Version:  v10.17.0
[debug] [2019-12-14T03:51:06.941Z] Time:          Sat Dec 14 2019 16:51:06 GMT+1300 (New Zealand Daylight Time)
[debug] [2019-12-14T03:51:06.941Z] ----------------------------------------------------------------------
[debug] [2019-12-14T03:51:06.941Z] 
[debug] [2019-12-14T03:51:06.952Z] > command requires scopes: ["email","openid","https://www.googleapis.com/auth/cloudplatformprojects.readonly","https://www.googleapis.com/auth/firebase","https://www.googleapis.com/auth/cloud-platform"]
[debug] [2019-12-14T03:51:06.953Z] > authorizing via signed-in user
[debug] [2019-12-14T03:51:06.953Z] [iam] checking project friendlychat-c9506 for permissions ["firebase.projects.get"]
[debug] [2019-12-14T03:51:06.955Z] >>> HTTP REQUEST POST https://cloudresourcemanager.googleapis.com/v1/projects/friendlychat-c9506:testIamPermissions  

[debug] [2019-12-14T03:51:08.386Z] <<< HTTP RESPONSE 200
[debug] [2019-12-14T03:51:08.391Z] >>> HTTP REQUEST GET https://firebase.googleapis.com/v1beta1/projects/friendlychat-c9506  
 
[debug] [2019-12-14T03:51:08.967Z] <<< HTTP RESPONSE 200
[info] 
[info] === Serving from 'C:\work\react\reactlearning\chat'...
[info] 
[debug] [2019-12-14T03:51:08.973Z] >>> HTTP REQUEST GET https://firebase.googleapis.com/v1beta1/projects/friendlychat-c9506/webApps/-/config  
 
[debug] [2019-12-14T03:51:10.727Z] <<< HTTP RESPONSE 200
[info] i  hosting: Serving hosting files from: build
[info] +  hosting: Local server: http://localhost:5000
[info] +  functions: Using node@10 from host.
[info] +  functions: Emulator started at http://localhost:5001
[info] i  functions: Watching "C:\work\react\reactlearning\chat\functions" for Cloud Functions...
[debug] [2019-12-14T03:51:11.552Z] [worker-~diagnostic~-16fcfbb5-54f9-4213-82f0-5b6c6d806e8a]: Assigning socketPath: \\?\pipe\C:\work\react\reactlearning\chat\functions\7076
[debug] [2019-12-14T03:51:11.553Z] [worker-~diagnostic~-16fcfbb5-54f9-4213-82f0-5b6c6d806e8a]: BUSY
[debug] [2019-12-14T03:51:12.155Z] [runtime-status] [7076] Functions runtime initialized. {"cwd":"C:\\work\\react\\reactlearning\\chat\\functions","node_version":"10.17.0"}
[debug] [2019-12-14T03:51:12.156Z] [runtime-status] [7076] Disabled runtime features: {"functions_config_helper":true,"network_filtering":true,"timeout":true,"memory_limiting":true,"admin_stubs":true,"pubsub_emulator":true}
[debug] [2019-12-14T03:51:12.162Z] [runtime-status] [7076] Resolved module firebase-admin {"declared":true,"installed":true,"version":"8.8.0","resolution":"C:\\work\\react\\reactlearning\\chat\\functions\\node_modules\\firebase-admin\\lib\\index.js"}
[debug] [2019-12-14T03:51:12.165Z] [runtime-status] [7076] Resolved module firebase-functions {"declared":true,"installed":true,"version":"3.3.0","resolution":"C:\\work\\react\\reactlearning\\chat\\functions\\node_modules\\firebase-functions\\lib\\index.js"}
[debug] [2019-12-14T03:51:12.166Z] [runtime-status] [7076] Resolved module firebase-functions {"declared":true,"installed":true,"version":"3.3.0","resolution":"C:\\work\\react\\reactlearning\\chat\\functions\\node_modules\\firebase-functions\\lib\\index.js"}
[debug] [2019-12-14T03:51:12.253Z] [worker-~diagnostic~-16fcfbb5-54f9-4213-82f0-5b6c6d806e8a]: exited
[debug] [2019-12-14T03:51:12.253Z] [worker-~diagnostic~-16fcfbb5-54f9-4213-82f0-5b6c6d806e8a]: FINISHED
